Model: SVR(C= 1)
Training Sets:  ['1']
Loading dataset basic_1sur16 into trainSets...
Training SVR with rbf Kernel...
Test Sets: ['2', '3', '4', '5', '6', '7', '8', '9', '10']
Loading dataset basic_2sur16 into testSets...
Loading dataset basic_3sur16 into testSets...
Loading dataset basic_4sur16 into testSets...
Loading dataset basic_5sur16 into testSets...
Loading dataset basic_6sur16 into testSets...
Loading dataset basic_7sur16 into testSets...
Loading dataset basic_8sur16 into testSets...
Loading dataset basic_9sur16 into testSets...
Loading dataset basic_10sur16 into testSets...
Predicting values...
Calculating MAE scores:
12.7148311057

Time to process:  1304.88820577
-------------------------------------------------------
Loading dataset basic_10sur16 into trainSets...
Training SVR with rbf Kernel...
Test Sets: ['1', '2', '3', '4', '5', '6', '7', '8', '9']
Loading dataset basic_1sur16 into testSets...
Loading dataset basic_2sur16 into testSets...
Loading dataset basic_3sur16 into testSets...
Loading dataset basic_4sur16 into testSets...
Loading dataset basic_5sur16 into testSets...
Loading dataset basic_6sur16 into testSets...
Loading dataset basic_7sur16 into testSets...
Loading dataset basic_8sur16 into testSets...
Loading dataset basic_9sur16 into testSets...
Predicting values...
Calculating MAE scores:
12.7041768239

Time to process:  1345.51293707
-----------------------------------------
Model: SVR(C= 1)
Training Sets:  ['1', '2']
Loading dataset basic_1sur16 into trainSets...
Loading dataset basic_2sur16 into trainSets...
Training SVR with rbf Kernel...
Test Sets: ['3', '4', '5', '6', '7', '8', '9', '10']
Loading dataset basic_3sur16 into testSets...
Loading dataset basic_4sur16 into testSets...
Loading dataset basic_5sur16 into testSets...
Loading dataset basic_6sur16 into testSets...
Loading dataset basic_7sur16 into testSets...
Loading dataset basic_8sur16 into testSets...
Loading dataset basic_9sur16 into testSets...
Loading dataset basic_10sur16 into testSets...
Predicting values...
Calculating MAE scores:
11.9501667867

Time to process:  4194.31291103
-----------------------------------------
