Model: SVR(C= .1)
Loading dataset basic_no_1sur16 into trainSets...
Loading dataset basic_no_2sur16 into trainSets...
Loading dataset basic_no_3sur16 into trainSets...
Loading dataset basic_no_4sur16 into trainSets...
Loading dataset basic_no_5sur16 into trainSets...
Loading dataset basic_no_6sur16 into trainSets...
Loading dataset basic_no_7sur16 into trainSets...
Loading dataset basic_no_8sur16 into trainSets...
Training SVR with rbf Kernel...
Test Sets: ['9', '10']
Loading dataset basic_no_9sur16 into testSets...
Loading dataset basic_no_10sur16 into testSets...
Predicting values...
Calculating MAE scores:
11.8870878934

Test FILL:
Loading dataset basic_no_9sur16 into testSets...
Loading dataset basic_no_10sur16 into testSets...
Predicting values...
Calculating MAE scores:
22.2426668408

Time to process:  171702.344883
-----------------------------------------
