Model: SVR(C= 1)
Loading dataset basic_no_1sur16 into trainSets...
Loading dataset basic_no_2sur16 into trainSets...
Loading dataset basic_no_3sur16 into trainSets...
Loading dataset basic_no_4sur16 into trainSets...
Loading dataset basic_no_7sur16 into trainSets...
Loading dataset basic_no_8sur16 into trainSets...
Loading dataset basic_no_9sur16 into trainSets...
Loading dataset basic_no_10sur16 into trainSets...
Training SVR with rbf Kernel...
Test Sets: ['5', '6']
Loading dataset basic_no_5sur16 into testSets...
Loading dataset basic_no_6sur16 into testSets...
Predicting values...
Calculating MAE scores:
10.3816835079

Test FILL:
Loading dataset basic_no_5sur16 into testSets...
Loading dataset basic_no_6sur16 into testSets...
Predicting values...
Calculating MAE scores:
22.0660273607

Time to process:  143999.452285
-----------------------------------------
