Model: SVR(C= .001)
Loading dataset basic_no_1sur16 into trainSets...
Loading dataset basic_no_2sur16 into trainSets...
Loading dataset basic_no_3sur16 into trainSets...
Loading dataset basic_no_4sur16 into trainSets...
Loading dataset basic_no_5sur16 into trainSets...
Loading dataset basic_no_6sur16 into trainSets...
Loading dataset basic_no_7sur16 into trainSets...
Loading dataset basic_no_8sur16 into trainSets...
Training SVR with rbf Kernel...
Test Sets: ['9', '10']
Loading dataset basic_no_9sur16 into testSets...
Loading dataset basic_no_10sur16 into testSets...
Predicting values...
Calculating MAE scores:
12.0871021362

Test FILL:
Loading dataset basic_no_9sur16 into testSets...
Loading dataset basic_no_10sur16 into testSets...
Predicting values...
Calculating MAE scores:
22.3889747755

Time to process:  121341.940603
-----------------------------------------
